<?xml version="1.0" encoding="utf-8"?>
<CoverageSession xmlns:xsd="http://www.w3.org/2001/XMLSchema" xmlns:xsi="http://www.w3.org/2001/XMLSchema-instance">
  <Modules>
    <Module skippedDueTo="Filter" hash="B2-BA-FD-12-22-46-16-9E-C9-EA-37-DA-C7-9C-F9-0D-55-AE-55-E0">
      <FullName>C:\Windows\assembly\GAC_32\mscorlib\2.0.0.0__b77a5c561934e089\mscorlib.dll</FullName>
      <ModuleName>mscorlib</ModuleName>
      <Classes />
    </Module>
    <Module skippedDueTo="Filter" hash="F9-04-A8-31-CD-FB-23-72-95-63-5D-14-9A-A0-66-8E-7F-44-93-7A">
      <FullName>C:\Windows\assembly\GAC_32\mscorlib\2.0.0.0__b77a5c561934e089\sorttbls.nlp</FullName>
      <ModuleName>mscorlib</ModuleName>
      <Classes />
    </Module>
    <Module skippedDueTo="MissingPdb" hash="D9-51-D2-3D-8C-16-B3-35-50-E2-97-23-20-65-AF-AE-3E-3C-3D-FC">
      <FullName>D:\UH\Sem4\SD\lib\nunit-2.6.4\bin\nunit-console-x86.exe</FullName>
      <ModuleName>nunit-console-x86</ModuleName>
      <Classes />
    </Module>
    <Module skippedDueTo="MissingPdb" hash="F2-ED-FF-09-01-C9-D7-BC-29-AC-A6-93-C5-97-8A-0D-43-DD-8D-F2">
      <FullName>D:\UH\Sem4\SD\lib\nunit-2.6.4\bin\lib\nunit-console-runner.dll</FullName>
      <ModuleName>nunit-console-runner</ModuleName>
      <Classes />
    </Module>
    <Module skippedDueTo="MissingPdb" hash="36-B9-FF-C0-07-EA-59-4D-23-2E-FD-CD-5A-45-CF-C0-2C-42-2A-98">
      <FullName>D:\UH\Sem4\SD\lib\nunit-2.6.4\bin\lib\nunit.core.dll</FullName>
      <ModuleName>nunit.core</ModuleName>
      <Classes />
    </Module>
    <Module skippedDueTo="MissingPdb" hash="14-C3-4B-3E-39-7A-EE-C0-B9-2F-83-44-2F-04-8A-F7-48-7B-67-DE">
      <FullName>D:\UH\Sem4\SD\lib\nunit-2.6.4\bin\lib\nunit.util.dll</FullName>
      <ModuleName>nunit.util</ModuleName>
      <Classes />
    </Module>
    <Module skippedDueTo="MissingPdb" hash="5E-95-A6-AD-88-48-98-B1-62-7F-4E-5A-C1-0E-F3-B7-85-56-44-E8">
      <FullName>D:\UH\Sem4\SD\lib\nunit-2.6.4\bin\lib\nunit.core.interfaces.dll</FullName>
      <ModuleName>nunit.core.interfaces</ModuleName>
      <Classes />
    </Module>
    <Module skippedDueTo="Filter" hash="6E-30-2E-50-36-FB-60-2C-8E-50-C0-83-54-8B-CC-EA-A8-91-B6-CC">
      <FullName>C:\Windows\assembly\GAC_32\mscorlib\2.0.0.0__b77a5c561934e089\sortkey.nlp</FullName>
      <ModuleName>mscorlib</ModuleName>
      <Classes />
    </Module>
    <Module skippedDueTo="Filter" hash="0F-82-09-6F-47-14-D9-A3-3B-F8-57-B9-B1-A6-46-3B-2A-2B-E9-CD">
      <FullName>C:\Windows\assembly\GAC_MSIL\System.Configuration\2.0.0.0__b03f5f7f11d50a3a\System.Configuration.dll</FullName>
      <ModuleName>System.Configuration</ModuleName>
      <Classes />
    </Module>
    <Module skippedDueTo="Filter" hash="EA-92-38-5E-9D-EA-8A-E7-BE-16-8C-F4-09-EC-40-CC-43-49-4B-15">
      <FullName>C:\Windows\assembly\GAC_MSIL\System\2.0.0.0__b77a5c561934e089\System.dll</FullName>
      <ModuleName>System</ModuleName>
      <Classes />
    </Module>
    <Module skippedDueTo="Filter" hash="E1-8C-D8-8A-50-BD-6D-E3-9B-47-F0-39-BE-8E-D1-2B-CF-25-89-2B">
      <FullName>C:\Windows\assembly\GAC_MSIL\System.Xml\2.0.0.0__b77a5c561934e089\System.Xml.dll</FullName>
      <ModuleName>System.Xml</ModuleName>
      <Classes />
    </Module>
    <Module skippedDueTo="Filter" hash="16-C7-8D-BC-66-9E-99-9D-FA-F1-6B-E6-CD-B5-00-D9-FF-42-73-DC">
      <FullName>C:\Windows\assembly\GAC_MSIL\System.Runtime.Remoting\2.0.0.0__b77a5c561934e089\System.Runtime.Remoting.dll</FullName>
      <ModuleName>System.Runtime.Remoting</ModuleName>
      <Classes />
    </Module>
    <Module skippedDueTo="Filter" hash="73-98-B4-A5-4A-DE-17-C6-DB-57-A2-5D-74-D3-34-2D-EC-58-2F-83">
      <FullName>C:\Windows\Microsoft.Net\assembly\GAC_32\mscorlib\v4.0_4.0.0.0__b77a5c561934e089\mscorlib.dll</FullName>
      <ModuleName>mscorlib</ModuleName>
      <Classes />
    </Module>
    <Module skippedDueTo="MissingPdb" hash="29-BC-32-15-21-E8-F9-6D-87-31-AF-AD-0B-21-31-A6-BB-2F-E4-00">
      <FullName>D:\UH\Sem4\SD\lib\nunit-2.6.4\bin\nunit-agent-x86.exe</FullName>
      <ModuleName>nunit-agent-x86</ModuleName>
      <Classes />
    </Module>
    <Module skippedDueTo="MissingPdb" hash="36-B9-FF-C0-07-EA-59-4D-23-2E-FD-CD-5A-45-CF-C0-2C-42-2A-98">
      <FullName>D:\UH\Sem4\SD\lib\nunit-2.6.4\bin\lib\nunit.core.dll</FullName>
      <ModuleName>nunit.core</ModuleName>
      <Classes />
    </Module>
    <Module skippedDueTo="MissingPdb" hash="14-C3-4B-3E-39-7A-EE-C0-B9-2F-83-44-2F-04-8A-F7-48-7B-67-DE">
      <FullName>D:\UH\Sem4\SD\lib\nunit-2.6.4\bin\lib\nunit.util.dll</FullName>
      <ModuleName>nunit.util</ModuleName>
      <Classes />
    </Module>
    <Module skippedDueTo="MissingPdb" hash="5E-95-A6-AD-88-48-98-B1-62-7F-4E-5A-C1-0E-F3-B7-85-56-44-E8">
      <FullName>D:\UH\Sem4\SD\lib\nunit-2.6.4\bin\lib\nunit.core.interfaces.dll</FullName>
      <ModuleName>nunit.core.interfaces</ModuleName>
      <Classes />
    </Module>
    <Module skippedDueTo="Filter" hash="56-78-FC-2A-D1-E9-92-34-51-52-EB-C3-D0-DC-F7-11-27-76-72-E4">
      <FullName>C:\Windows\Microsoft.Net\assembly\GAC_MSIL\System\v4.0_4.0.0.0__b77a5c561934e089\System.dll</FullName>
      <ModuleName>System</ModuleName>
      <Classes />
    </Module>
    <Module skippedDueTo="Filter" hash="3E-C4-6D-26-F3-07-93-45-B2-C1-FE-00-DA-ED-07-22-5F-A8-E6-93">
      <FullName>C:\Windows\Microsoft.Net\assembly\GAC_MSIL\System.Runtime.Remoting\v4.0_4.0.0.0__b77a5c561934e089\System.Runtime.Remoting.dll</FullName>
      <ModuleName>System.Runtime.Remoting</ModuleName>
      <Classes />
    </Module>
    <Module skippedDueTo="Filter" hash="35-E9-46-2A-74-7E-97-F3-30-6A-54-64-87-BC-30-0C-76-42-05-6B">
      <FullName>C:\Windows\Microsoft.Net\assembly\GAC_MSIL\System.Configuration\v4.0_4.0.0.0__b03f5f7f11d50a3a\System.Configuration.dll</FullName>
      <ModuleName>System.Configuration</ModuleName>
      <Classes />
    </Module>
    <Module skippedDueTo="Filter" hash="75-21-73-F7-19-DB-C9-14-68-D8-F2-4C-82-EF-EA-8D-7F-C1-16-47">
      <FullName>C:\Windows\Microsoft.Net\assembly\GAC_MSIL\System.Xml\v4.0_4.0.0.0__b77a5c561934e089\System.Xml.dll</FullName>
      <ModuleName>System.Xml</ModuleName>
      <Classes />
    </Module>
    <Module skippedDueTo="Filter" hash="A1-13-EA-3A-95-DE-09-52-32-EA-2F-A2-7D-22-28-08-2D-20-11-91">
      <FullName>C:\Windows\Microsoft.Net\assembly\GAC_32\System.Web\v4.0_4.0.0.0__b03f5f7f11d50a3a\System.Web.dll</FullName>
      <ModuleName>System.Web</ModuleName>
      <Classes />
    </Module>
    <Module skippedDueTo="Filter" hash="99-F2-D6-99-3E-C6-B7-D4-F8-9A-4F-E3-25-02-27-10-43-E4-44-D7">
      <FullName>C:\Windows\assembly\GAC_32\System.Web\2.0.0.0__b03f5f7f11d50a3a\System.Web.dll</FullName>
      <ModuleName>System.Web</ModuleName>
      <Classes />
    </Module>
    <Module skippedDueTo="MissingPdb" hash="36-B9-FF-C0-07-EA-59-4D-23-2E-FD-CD-5A-45-CF-C0-2C-42-2A-98">
      <FullName>D:\UH\Sem4\SD\lib\nunit-2.6.4\bin\lib\nunit.core.dll</FullName>
      <ModuleName>nunit.core</ModuleName>
      <Classes />
    </Module>
    <Module skippedDueTo="Filter" hash="56-78-FC-2A-D1-E9-92-34-51-52-EB-C3-D0-DC-F7-11-27-76-72-E4">
      <FullName>C:\Windows\Microsoft.Net\assembly\GAC_MSIL\System\v4.0_4.0.0.0__b77a5c561934e089\System.dll</FullName>
      <ModuleName>System</ModuleName>
      <Classes />
    </Module>
    <Module skippedDueTo="MissingPdb" hash="53-25-23-C6-63-70-35-C6-0C-82-04-1A-0A-BF-1A-E7-1F-EA-74-A3">
      <FullName>D:\UH\Sem4\SD\lib\nunit-2.6.4\bin\pnunit.framework.dll</FullName>
      <ModuleName>pnunit.framework</ModuleName>
      <Classes />
    </Module>
    <Module skippedDueTo="MissingPdb" hash="21-69-E9-47-C6-F8-02-12-31-E6-18-DE-8E-43-24-C9-AB-F7-C2-BE">
      <FullName>D:\UH\Sem4\SD\lib\nunit-2.6.4\bin\pnunit-agent.exe</FullName>
      <ModuleName>pnunit-agent</ModuleName>
      <Classes />
    </Module>
    <Module skippedDueTo="MissingPdb" hash="5E-95-A6-AD-88-48-98-B1-62-7F-4E-5A-C1-0E-F3-B7-85-56-44-E8">
      <FullName>D:\UH\Sem4\SD\lib\nunit-2.6.4\bin\lib\nunit.core.interfaces.dll</FullName>
      <ModuleName>nunit.core.interfaces</ModuleName>
      <Classes />
    </Module>
    <Module skippedDueTo="MissingPdb" hash="66-7B-A2-D1-87-C5-31-ED-68-B6-05-3E-68-22-17-75-AE-21-1B-EC">
      <FullName>D:\UH\Sem4\SD\assign4\build\testClasses\assigntest.dll</FullName>
      <ModuleName>assigntest</ModuleName>
      <Classes />
    </Module>
    <Module skippedDueTo="MissingPdb" hash="A2-D0-DB-C9-20-FB-37-90-D4-D6-25-E5-C4-7B-E0-42-CA-32-C0-51">
      <FullName>D:\UH\Sem4\SD\assign4\build\testClasses\nunit.framework.dll</FullName>
      <ModuleName>nunit.framework</ModuleName>
      <Classes />
    </Module>
    <Module skippedDueTo="MissingPdb" hash="F2-ED-FF-09-01-C9-D7-BC-29-AC-A6-93-C5-97-8A-0D-43-DD-8D-F2">
      <FullName>D:\UH\Sem4\SD\lib\nunit-2.6.4\bin\lib\nunit-console-runner.dll</FullName>
      <ModuleName>nunit-console-runner</ModuleName>
      <Classes />
    </Module>
    <Module skippedDueTo="Filter" hash="3E-C4-6D-26-F3-07-93-45-B2-C1-FE-00-DA-ED-07-22-5F-A8-E6-93">
      <FullName>C:\Windows\Microsoft.Net\assembly\GAC_MSIL\System.Runtime.Remoting\v4.0_4.0.0.0__b77a5c561934e089\System.Runtime.Remoting.dll</FullName>
      <ModuleName>System.Runtime.Remoting</ModuleName>
      <Classes />
    </Module>
    <Module skippedDueTo="Filter" hash="35-E9-46-2A-74-7E-97-F3-30-6A-54-64-87-BC-30-0C-76-42-05-6B">
      <FullName>C:\Windows\Microsoft.Net\assembly\GAC_MSIL\System.Configuration\v4.0_4.0.0.0__b03f5f7f11d50a3a\System.Configuration.dll</FullName>
      <ModuleName>System.Configuration</ModuleName>
      <Classes />
    </Module>
    <Module skippedDueTo="Filter" hash="75-21-73-F7-19-DB-C9-14-68-D8-F2-4C-82-EF-EA-8D-7F-C1-16-47">
      <FullName>C:\Windows\Microsoft.Net\assembly\GAC_MSIL\System.Xml\v4.0_4.0.0.0__b77a5c561934e089\System.Xml.dll</FullName>
      <ModuleName>System.Xml</ModuleName>
      <Classes />
    </Module>
    <Module hash="A9-F7-8D-19-EC-28-96-D3-30-50-55-08-C0-77-48-9E-B9-EF-C0-B8">
      <FullName>D:\UH\Sem4\SD\assign4\build\testClasses\assign.dll</FullName>
      <ModuleName>assign</ModuleName>
      <Files>
        <File uid="1" fullPath="d:\UH\Sem4\SD\assign4\src\And.cs" />
        <File uid="2" fullPath="d:\UH\Sem4\SD\assign4\src\Bus.cs" />
        <File uid="3" fullPath="d:\UH\Sem4\SD\assign4\src\Circuit.cs" />
        <File uid="4" fullPath="d:\UH\Sem4\SD\assign4\src\InputUnit.cs" />
        <File uid="5" fullPath="d:\UH\Sem4\SD\assign4\src\OutputUnit.cs" />
      </Files>
      <Classes>
        <Class>
          <FullName>&lt;Module&gt;</FullName>
          <Methods />
        </Class>
        <Class>
          <FullName>ElectronicCircuitProblem.src.And</FullName>
          <Methods>
            <Method visited="true" cyclomaticComplexity="4" sequenceCoverage="100" branchCoverage="100" isConstructor="false" isStatic="false" isGetter="false" isSetter="false">
              <MetadataToken>100663299</MetadataToken>
              <Name>System.Boolean ElectronicCircuitProblem.src.And::IsValid()</Name>
              <FileRef uid="1" />
              <SequencePoints>
                <SequencePoint vc="17" uspid="1" ordinal="0" offset="0" sl="14" sc="3" el="14" ec="4" />
                <SequencePoint vc="17" uspid="2" ordinal="1" offset="1" sl="15" sc="4" el="15" ec="69" />
                <SequencePoint vc="17" uspid="3" ordinal="2" offset="31" sl="16" sc="3" el="16" ec="4" />
              </SequencePoints>
              <BranchPoints>
                <BranchPoint vc="12" uspid="4" ordinal="0" offset="13" path="0" />
                <BranchPoint vc="5" uspid="5" ordinal="1" offset="13" path="1" />
                <BranchPoint vc="3" uspid="6" ordinal="2" offset="21" path="0" />
                <BranchPoint vc="9" uspid="7" ordinal="3" offset="21" path="1" />
              </BranchPoints>
              <MethodPoint xsi:type="SequencePoint" vc="17" uspid="1" ordinal="0" offset="0" sl="14" sc="3" el="14" ec="4" />
            </Method>
            <Method visited="true" cyclomaticComplexity="1" sequenceCoverage="100" branchCoverage="100" isConstructor="false" isStatic="false" isGetter="false" isSetter="false">
              <MetadataToken>100663300</MetadataToken>
              <Name>System.Void ElectronicCircuitProblem.src.And::AddInput(ElectronicCircuitProblem.src.Bus[])</Name>
              <FileRef uid="1" />
              <SequencePoints>
                <SequencePoint vc="20" uspid="8" ordinal="0" offset="0" sl="19" sc="3" el="19" ec="4" />
                <SequencePoint vc="20" uspid="9" ordinal="1" offset="1" sl="20" sc="4" el="20" ec="52" />
                <SequencePoint vc="20" uspid="10" ordinal="2" offset="20" sl="21" sc="3" el="21" ec="4" />
              </SequencePoints>
              <BranchPoints />
              <MethodPoint xsi:type="SequencePoint" vc="20" uspid="8" ordinal="0" offset="0" sl="19" sc="3" el="19" ec="4" />
            </Method>
            <Method visited="true" cyclomaticComplexity="1" sequenceCoverage="100" branchCoverage="100" isConstructor="false" isStatic="false" isGetter="false" isSetter="false">
              <MetadataToken>100663301</MetadataToken>
              <Name>System.Void ElectronicCircuitProblem.src.And::AddOutput(ElectronicCircuitProblem.src.Bus)</Name>
              <FileRef uid="1" />
              <SequencePoints>
                <SequencePoint vc="16" uspid="11" ordinal="0" offset="0" sl="24" sc="3" el="24" ec="4" />
                <SequencePoint vc="16" uspid="12" ordinal="1" offset="1" sl="25" sc="4" el="25" ec="23" />
                <SequencePoint vc="16" uspid="13" ordinal="2" offset="8" sl="26" sc="3" el="26" ec="4" />
              </SequencePoints>
              <BranchPoints />
              <MethodPoint xsi:type="SequencePoint" vc="16" uspid="11" ordinal="0" offset="0" sl="24" sc="3" el="24" ec="4" />
            </Method>
            <Method visited="true" cyclomaticComplexity="2" sequenceCoverage="100" branchCoverage="100" isConstructor="false" isStatic="false" isGetter="false" isSetter="false">
              <MetadataToken>100663302</MetadataToken>
              <Name>System.Void ElectronicCircuitProblem.src.And::UpdateCurrentState()</Name>
              <FileRef uid="1" />
              <SequencePoints>
                <SequencePoint vc="2" uspid="14" ordinal="0" offset="0" sl="29" sc="3" el="29" ec="4" />
                <SequencePoint vc="2" uspid="15" ordinal="1" offset="1" sl="30" sc="4" el="30" ec="92" />
                <SequencePoint vc="2" uspid="16" ordinal="2" offset="50" sl="31" sc="3" el="31" ec="4" />
              </SequencePoints>
              <BranchPoints>
                <BranchPoint vc="1" uspid="17" ordinal="0" offset="14" path="0" />
                <BranchPoint vc="1" uspid="18" ordinal="1" offset="14" path="1" />
              </BranchPoints>
              <MethodPoint xsi:type="SequencePoint" vc="2" uspid="14" ordinal="0" offset="0" sl="29" sc="3" el="29" ec="4" />
            </Method>
            <Method visited="true" cyclomaticComplexity="2" sequenceCoverage="100" branchCoverage="100" isConstructor="false" isStatic="false" isGetter="false" isSetter="false">
              <MetadataToken>100663303</MetadataToken>
              <Name>System.Int32 ElectronicCircuitProblem.src.And::GetCurrentState()</Name>
              <FileRef uid="1" />
              <SequencePoints>
                <SequencePoint vc="4" uspid="19" ordinal="0" offset="0" sl="34" sc="3" el="34" ec="4" />
                <SequencePoint vc="4" uspid="20" ordinal="1" offset="1" sl="35" sc="4" el="35" ec="26" />
                <SequencePoint vc="2" uspid="21" ordinal="2" offset="17" sl="36" sc="5" el="36" ec="26" />
                <SequencePoint vc="4" uspid="22" ordinal="3" offset="24" sl="37" sc="4" el="37" ec="24" />
                <SequencePoint vc="4" uspid="23" ordinal="4" offset="33" sl="38" sc="3" el="38" ec="4" />
              </SequencePoints>
              <BranchPoints>
                <BranchPoint vc="2" uspid="24" ordinal="0" offset="15" path="0" />
                <BranchPoint vc="2" uspid="25" ordinal="1" offset="15" path="1" />
              </BranchPoints>
              <MethodPoint xsi:type="SequencePoint" vc="4" uspid="19" ordinal="0" offset="0" sl="34" sc="3" el="34" ec="4" />
            </Method>
            <Method visited="true" cyclomaticComplexity="1" sequenceCoverage="100" branchCoverage="100" isConstructor="true" isStatic="false" isGetter="false" isSetter="false">
              <MetadataToken>100663304</MetadataToken>
              <Name>System.Void ElectronicCircuitProblem.src.And::.ctor()</Name>
              <FileRef uid="1" />
              <SequencePoints>
                <SequencePoint vc="59" uspid="26" ordinal="0" offset="0" sl="9" sc="3" el="9" ec="48" />
                <SequencePoint vc="59" uspid="27" ordinal="1" offset="11" sl="10" sc="3" el="10" ec="32" />
                <SequencePoint vc="59" uspid="28" ordinal="2" offset="18" sl="11" sc="3" el="11" ec="33" />
              </SequencePoints>
              <BranchPoints />
              <MethodPoint xsi:type="SequencePoint" vc="59" uspid="26" ordinal="0" offset="0" sl="9" sc="3" el="9" ec="48" />
            </Method>
            <Method visited="true" cyclomaticComplexity="1" sequenceCoverage="100" branchCoverage="100" isConstructor="false" isStatic="false" isGetter="false" isSetter="false">
              <MetadataToken>100663305</MetadataToken>
              <Name>System.Void ElectronicCircuitProblem.src.And::&lt;AddInput&gt;b__0(ElectronicCircuitProblem.src.Bus)</Name>
              <FileRef uid="1" />
              <SequencePoints>
                <SequencePoint vc="34" uspid="29" ordinal="0" offset="0" sl="20" sc="32" el="20" ec="49" />
              </SequencePoints>
              <BranchPoints />
              <MethodPoint xsi:type="SequencePoint" vc="34" uspid="29" ordinal="0" offset="0" sl="20" sc="32" el="20" ec="49" />
            </Method>
            <Method visited="true" cyclomaticComplexity="1" sequenceCoverage="100" branchCoverage="100" isConstructor="false" isStatic="true" isGetter="false" isSetter="false">
              <MetadataToken>100663306</MetadataToken>
              <Name>System.Int32 ElectronicCircuitProblem.src.And::&lt;UpdateCurrentState&gt;b__1(System.Int32,ElectronicCircuitProblem.src.Bus)</Name>
              <FileRef uid="1" />
              <SequencePoints>
                <SequencePoint vc="4" uspid="30" ordinal="0" offset="0" sl="30" sc="59" el="30" ec="89" />
              </SequencePoints>
              <BranchPoints />
              <MethodPoint xsi:type="SequencePoint" vc="4" uspid="30" ordinal="0" offset="0" sl="30" sc="59" el="30" ec="89" />
            </Method>
          </Methods>
        </Class>
        <Class>
          <FullName>ElectronicCircuitProblem.src.Bus</FullName>
          <Methods>
            <Method visited="true" cyclomaticComplexity="2" sequenceCoverage="100" branchCoverage="50" isConstructor="true" isStatic="false" isGetter="false" isSetter="false">
              <MetadataToken>100663307</MetadataToken>
              <Name>System.Void ElectronicCircuitProblem.src.Bus::.ctor(ElectronicCircuitProblem.src.IGate,ElectronicCircuitProblem.src.IGate[])</Name>
              <FileRef uid="2" />
              <SequencePoints>
                <SequencePoint vc="41" uspid="31" ordinal="0" offset="2" sl="9" sc="3" el="9" ec="34" />
                <SequencePoint vc="41" uspid="32" ordinal="1" offset="9" sl="10" sc="3" el="10" ec="54" />
                <SequencePoint vc="41" uspid="33" ordinal="2" offset="20" sl="11" sc="3" el="11" ec="33" />
                <SequencePoint vc="41" uspid="34" ordinal="3" offset="27" sl="13" sc="3" el="13" ec="49" />
                <SequencePoint vc="41" uspid="35" ordinal="4" offset="34" sl="14" sc="3" el="14" ec="4" />
                <SequencePoint vc="41" uspid="36" ordinal="5" offset="35" sl="15" sc="4" el="15" ec="22" />
                <SequencePoint vc="41" uspid="37" ordinal="6" offset="42" sl="16" sc="4" el="16" ec="54" />
                <SequencePoint vc="41" uspid="38" ordinal="7" offset="68" sl="17" sc="3" el="17" ec="4" />
              </SequencePoints>
              <BranchPoints>
                <BranchPoint vc="41" uspid="40" ordinal="0" offset="44" path="0" />
                <BranchPoint vc="0" uspid="41" ordinal="1" offset="44" path="1" />
              </BranchPoints>
              <MethodPoint vc="41" uspid="39" ordinal="0" offset="0" />
            </Method>
            <Method visited="true" cyclomaticComplexity="5" sequenceCoverage="100" branchCoverage="66" isConstructor="false" isStatic="false" isGetter="false" isSetter="false">
              <MetadataToken>100663308</MetadataToken>
              <Name>System.Boolean ElectronicCircuitProblem.src.Bus::IsValid()</Name>
              <FileRef uid="2" />
              <SequencePoints>
                <SequencePoint vc="16" uspid="42" ordinal="0" offset="0" sl="20" sc="3" el="20" ec="4" />
                <SequencePoint vc="16" uspid="43" ordinal="1" offset="1" sl="21" sc="4" el="21" ec="94" />
                <SequencePoint vc="16" uspid="44" ordinal="2" offset="45" sl="22" sc="3" el="22" ec="4" />
              </SequencePoints>
              <BranchPoints>
                <BranchPoint vc="16" uspid="45" ordinal="0" offset="7" path="0" />
                <BranchPoint vc="0" uspid="46" ordinal="1" offset="7" path="1" />
                <BranchPoint vc="16" uspid="47" ordinal="2" offset="21" path="0" />
                <BranchPoint vc="0" uspid="48" ordinal="3" offset="21" path="1" />
                <BranchPoint vc="1" uspid="49" ordinal="4" offset="35" path="0" />
                <BranchPoint vc="15" uspid="50" ordinal="5" offset="35" path="1" />
              </BranchPoints>
              <MethodPoint xsi:type="SequencePoint" vc="16" uspid="42" ordinal="0" offset="0" sl="20" sc="3" el="20" ec="4" />
            </Method>
            <Method visited="true" cyclomaticComplexity="1" sequenceCoverage="100" branchCoverage="100" isConstructor="false" isStatic="false" isGetter="false" isSetter="false">
              <MetadataToken>100663309</MetadataToken>
              <Name>System.Void ElectronicCircuitProblem.src.Bus::UpdateCurrentState()</Name>
              <FileRef uid="2" />
              <SequencePoints>
                <SequencePoint vc="3" uspid="51" ordinal="0" offset="0" sl="25" sc="3" el="25" ec="4" />
                <SequencePoint vc="3" uspid="52" ordinal="1" offset="1" sl="26" sc="4" el="26" ec="47" />
                <SequencePoint vc="3" uspid="53" ordinal="2" offset="18" sl="27" sc="3" el="27" ec="4" />
              </SequencePoints>
              <BranchPoints />
              <MethodPoint xsi:type="SequencePoint" vc="3" uspid="51" ordinal="0" offset="0" sl="25" sc="3" el="25" ec="4" />
            </Method>
            <Method visited="true" cyclomaticComplexity="2" sequenceCoverage="100" branchCoverage="100" isConstructor="false" isStatic="false" isGetter="false" isSetter="false">
              <MetadataToken>100663310</MetadataToken>
              <Name>System.Int32 ElectronicCircuitProblem.src.Bus::GetCurrentState()</Name>
              <FileRef uid="2" />
              <SequencePoints>
                <SequencePoint vc="6" uspid="54" ordinal="0" offset="0" sl="30" sc="3" el="30" ec="4" />
                <SequencePoint vc="6" uspid="55" ordinal="1" offset="1" sl="31" sc="4" el="31" ec="26" />
                <SequencePoint vc="3" uspid="56" ordinal="2" offset="17" sl="32" sc="5" el="32" ec="26" />
                <SequencePoint vc="6" uspid="57" ordinal="3" offset="24" sl="33" sc="4" el="33" ec="24" />
                <SequencePoint vc="6" uspid="58" ordinal="4" offset="33" sl="34" sc="3" el="34" ec="4" />
              </SequencePoints>
              <BranchPoints>
                <BranchPoint vc="3" uspid="59" ordinal="0" offset="15" path="0" />
                <BranchPoint vc="3" uspid="60" ordinal="1" offset="15" path="1" />
              </BranchPoints>
              <MethodPoint xsi:type="SequencePoint" vc="6" uspid="54" ordinal="0" offset="0" sl="30" sc="3" el="30" ec="4" />
            </Method>
            <Method visited="true" cyclomaticComplexity="1" sequenceCoverage="100" branchCoverage="100" isConstructor="false" isStatic="false" isGetter="false" isSetter="false">
              <MetadataToken>100663311</MetadataToken>
              <Name>System.Void ElectronicCircuitProblem.src.Bus::&lt;.ctor&gt;b__0(ElectronicCircuitProblem.src.IGate)</Name>
              <FileRef uid="2" />
              <SequencePoints>
                <SequencePoint vc="53" uspid="61" ordinal="0" offset="0" sl="16" sc="33" el="16" ec="52" />
              </SequencePoints>
              <BranchPoints />
              <MethodPoint xsi:type="SequencePoint" vc="53" uspid="61" ordinal="0" offset="0" sl="16" sc="33" el="16" ec="52" />
            </Method>
          </Methods>
        </Class>
        <Class>
          <FullName>ElectronicCircuitProblem.src.Circuit</FullName>
          <Methods>
            <Method visited="true" cyclomaticComplexity="4" sequenceCoverage="100" branchCoverage="100" isConstructor="false" isStatic="false" isGetter="false" isSetter="false">
              <MetadataToken>100663312</MetadataToken>
              <Name>System.Boolean ElectronicCircuitProblem.src.Circuit::IsValid()</Name>
              <FileRef uid="3" />
              <SequencePoints>
                <SequencePoint vc="7" uspid="62" ordinal="0" offset="0" sl="13" sc="3" el="13" ec="4" />
                <SequencePoint vc="7" uspid="63" ordinal="1" offset="1" sl="14" sc="4" el="15" ec="80" />
                <SequencePoint vc="7" uspid="64" ordinal="2" offset="96" sl="16" sc="3" el="16" ec="4" />
              </SequencePoints>
              <BranchPoints>
                <BranchPoint vc="1" uspid="65" ordinal="0" offset="13" path="0" />
                <BranchPoint vc="6" uspid="66" ordinal="1" offset="13" path="1" />
                <BranchPoint vc="3" uspid="67" ordinal="2" offset="44" path="0" />
                <BranchPoint vc="4" uspid="68" ordinal="3" offset="44" path="1" />
                <BranchPoint vc="1" uspid="69" ordinal="4" offset="58" path="0" />
                <BranchPoint vc="2" uspid="70" ordinal="5" offset="58" path="1" />
              </BranchPoints>
              <MethodPoint xsi:type="SequencePoint" vc="7" uspid="62" ordinal="0" offset="0" sl="13" sc="3" el="13" ec="4" />
            </Method>
            <Method visited="true" cyclomaticComplexity="1" sequenceCoverage="100" branchCoverage="100" isConstructor="false" isStatic="false" isGetter="false" isSetter="false">
              <MetadataToken>100663313</MetadataToken>
              <Name>System.Void ElectronicCircuitProblem.src.Circuit::AddBuses(ElectronicCircuitProblem.src.Bus[])</Name>
              <FileRef uid="3" />
              <SequencePoints>
                <SequencePoint vc="8" uspid="71" ordinal="0" offset="0" sl="19" sc="3" el="19" ec="4" />
                <SequencePoint vc="8" uspid="72" ordinal="1" offset="1" sl="20" sc="4" el="20" ec="53" />
                <SequencePoint vc="8" uspid="73" ordinal="2" offset="20" sl="21" sc="3" el="21" ec="4" />
              </SequencePoints>
              <BranchPoints />
              <MethodPoint xsi:type="SequencePoint" vc="8" uspid="71" ordinal="0" offset="0" sl="19" sc="3" el="19" ec="4" />
            </Method>
            <Method visited="true" cyclomaticComplexity="1" sequenceCoverage="100" branchCoverage="100" isConstructor="false" isStatic="false" isGetter="false" isSetter="false">
              <MetadataToken>100663314</MetadataToken>
              <Name>System.Void ElectronicCircuitProblem.src.Circuit::AddGates(ElectronicCircuitProblem.src.IGate[])</Name>
              <FileRef uid="3" />
              <SequencePoints>
                <SequencePoint vc="8" uspid="74" ordinal="0" offset="0" sl="24" sc="3" el="24" ec="4" />
                <SequencePoint vc="8" uspid="75" ordinal="1" offset="1" sl="25" sc="4" el="25" ec="55" />
                <SequencePoint vc="8" uspid="76" ordinal="2" offset="20" sl="26" sc="3" el="26" ec="4" />
              </SequencePoints>
              <BranchPoints />
              <MethodPoint xsi:type="SequencePoint" vc="8" uspid="74" ordinal="0" offset="0" sl="24" sc="3" el="24" ec="4" />
            </Method>
            <Method visited="true" cyclomaticComplexity="2" sequenceCoverage="100" branchCoverage="50" isConstructor="false" isStatic="false" isGetter="false" isSetter="false">
              <MetadataToken>100663315</MetadataToken>
              <Name>System.Void ElectronicCircuitProblem.src.Circuit::Simulate()</Name>
              <FileRef uid="3" />
              <SequencePoints>
                <SequencePoint vc="1" uspid="77" ordinal="0" offset="0" sl="29" sc="3" el="29" ec="4" />
                <SequencePoint vc="1" uspid="78" ordinal="1" offset="1" sl="30" sc="4" el="30" ec="50" />
                <SequencePoint vc="1" uspid="79" ordinal="2" offset="44" sl="32" sc="3" el="32" ec="4" />
              </SequencePoints>
              <BranchPoints>
                <BranchPoint vc="1" uspid="80" ordinal="0" offset="12" path="0" />
                <BranchPoint vc="0" uspid="81" ordinal="1" offset="12" path="1" />
              </BranchPoints>
              <MethodPoint xsi:type="SequencePoint" vc="1" uspid="77" ordinal="0" offset="0" sl="29" sc="3" el="29" ec="4" />
            </Method>
            <Method visited="true" cyclomaticComplexity="1" sequenceCoverage="100" branchCoverage="100" isConstructor="true" isStatic="false" isGetter="false" isSetter="false">
              <MetadataToken>100663316</MetadataToken>
              <Name>System.Void ElectronicCircuitProblem.src.Circuit::.ctor()</Name>
              <FileRef uid="3" />
              <SequencePoints>
                <SequencePoint vc="9" uspid="82" ordinal="0" offset="0" sl="9" sc="3" el="9" ec="49" />
                <SequencePoint vc="9" uspid="83" ordinal="1" offset="11" sl="10" sc="3" el="10" ec="45" />
              </SequencePoints>
              <BranchPoints />
              <MethodPoint xsi:type="SequencePoint" vc="9" uspid="82" ordinal="0" offset="0" sl="9" sc="3" el="9" ec="49" />
            </Method>
            <Method visited="true" cyclomaticComplexity="3" sequenceCoverage="100" branchCoverage="100" isConstructor="false" isStatic="true" isGetter="false" isSetter="false">
              <MetadataToken>100663317</MetadataToken>
              <Name>System.Boolean ElectronicCircuitProblem.src.Circuit::&lt;IsValid&gt;b__0(System.Boolean,ElectronicCircuitProblem.src.IGate)</Name>
              <FileRef uid="3" />
              <SequencePoints>
                <SequencePoint vc="29" uspid="84" ordinal="0" offset="0" sl="14" sc="51" el="14" ec="82" />
              </SequencePoints>
              <BranchPoints>
                <BranchPoint vc="7" uspid="85" ordinal="0" offset="1" path="0" />
                <BranchPoint vc="22" uspid="86" ordinal="1" offset="1" path="1" />
              </BranchPoints>
              <MethodPoint xsi:type="SequencePoint" vc="29" uspid="84" ordinal="0" offset="0" sl="14" sc="51" el="14" ec="82" />
            </Method>
            <Method visited="true" cyclomaticComplexity="3" sequenceCoverage="100" branchCoverage="50" isConstructor="false" isStatic="true" isGetter="false" isSetter="false">
              <MetadataToken>100663318</MetadataToken>
              <Name>System.Boolean ElectronicCircuitProblem.src.Circuit::&lt;IsValid&gt;b__1(System.Boolean,ElectronicCircuitProblem.src.Bus)</Name>
              <FileRef uid="3" />
              <SequencePoints>
                <SequencePoint vc="13" uspid="87" ordinal="0" offset="0" sl="15" sc="47" el="15" ec="77" />
              </SequencePoints>
              <BranchPoints>
                <BranchPoint vc="0" uspid="88" ordinal="0" offset="1" path="0" />
                <BranchPoint vc="13" uspid="89" ordinal="1" offset="1" path="1" />
              </BranchPoints>
              <MethodPoint xsi:type="SequencePoint" vc="13" uspid="87" ordinal="0" offset="0" sl="15" sc="47" el="15" ec="77" />
            </Method>
            <Method visited="true" cyclomaticComplexity="1" sequenceCoverage="100" branchCoverage="100" isConstructor="false" isStatic="false" isGetter="false" isSetter="false">
              <MetadataToken>100663319</MetadataToken>
              <Name>System.Void ElectronicCircuitProblem.src.Circuit::&lt;AddBuses&gt;b__4(ElectronicCircuitProblem.src.Bus)</Name>
              <FileRef uid="3" />
              <SequencePoints>
                <SequencePoint vc="23" uspid="90" ordinal="0" offset="0" sl="20" sc="37" el="20" ec="51" />
              </SequencePoints>
              <BranchPoints />
              <MethodPoint xsi:type="SequencePoint" vc="23" uspid="90" ordinal="0" offset="0" sl="20" sc="37" el="20" ec="51" />
            </Method>
            <Method visited="true" cyclomaticComplexity="1" sequenceCoverage="100" branchCoverage="100" isConstructor="false" isStatic="false" isGetter="false" isSetter="false">
              <MetadataToken>100663320</MetadataToken>
              <Name>System.Void ElectronicCircuitProblem.src.Circuit::&lt;AddGates&gt;b__5(ElectronicCircuitProblem.src.IGate)</Name>
              <FileRef uid="3" />
              <SequencePoints>
                <SequencePoint vc="33" uspid="91" ordinal="0" offset="0" sl="25" sc="38" el="25" ec="53" />
              </SequencePoints>
              <BranchPoints />
              <MethodPoint xsi:type="SequencePoint" vc="33" uspid="91" ordinal="0" offset="0" sl="25" sc="38" el="25" ec="53" />
            </Method>
            <Method visited="true" cyclomaticComplexity="1" sequenceCoverage="100" branchCoverage="100" isConstructor="false" isStatic="true" isGetter="false" isSetter="false">
              <MetadataToken>100663321</MetadataToken>
              <Name>System.Void ElectronicCircuitProblem.src.Circuit::&lt;Simulate&gt;b__6(ElectronicCircuitProblem.src.IGate)</Name>
              <FileRef uid="3" />
              <SequencePoints>
                <SequencePoint vc="4" uspid="92" ordinal="0" offset="0" sl="30" sc="26" el="30" ec="48" />
              </SequencePoints>
              <BranchPoints />
              <MethodPoint xsi:type="SequencePoint" vc="4" uspid="92" ordinal="0" offset="0" sl="30" sc="26" el="30" ec="48" />
            </Method>
          </Methods>
        </Class>
        <Class>
          <FullName>ElectronicCircuitProblem.src.InputUnit</FullName>
          <Methods>
            <Method visited="true" cyclomaticComplexity="1" sequenceCoverage="100" branchCoverage="100" isConstructor="false" isStatic="false" isGetter="false" isSetter="false">
              <MetadataToken>100663322</MetadataToken>
              <Name>System.Boolean ElectronicCircuitProblem.src.InputUnit::IsValid()</Name>
              <FileRef uid="4" />
              <SequencePoints>
                <SequencePoint vc="10" uspid="93" ordinal="0" offset="0" sl="7" sc="25" el="7" ec="26" />
                <SequencePoint vc="10" uspid="94" ordinal="1" offset="1" sl="8" sc="4" el="8" ec="29" />
                <SequencePoint vc="10" uspid="95" ordinal="2" offset="16" sl="9" sc="3" el="9" ec="4" />
              </SequencePoints>
              <BranchPoints />
              <MethodPoint xsi:type="SequencePoint" vc="10" uspid="93" ordinal="0" offset="0" sl="7" sc="25" el="7" ec="26" />
            </Method>
            <Method visited="true" cyclomaticComplexity="1" sequenceCoverage="100" branchCoverage="100" isConstructor="false" isStatic="false" isGetter="false" isSetter="false">
              <MetadataToken>100663323</MetadataToken>
              <Name>System.Void ElectronicCircuitProblem.src.InputUnit::AddOutput(ElectronicCircuitProblem.src.Bus)</Name>
              <FileRef uid="4" />
              <SequencePoints>
                <SequencePoint vc="13" uspid="96" ordinal="0" offset="0" sl="12" sc="3" el="12" ec="4" />
                <SequencePoint vc="13" uspid="97" ordinal="1" offset="1" sl="13" sc="4" el="13" ec="23" />
                <SequencePoint vc="13" uspid="98" ordinal="2" offset="8" sl="14" sc="3" el="14" ec="4" />
              </SequencePoints>
              <BranchPoints />
              <MethodPoint xsi:type="SequencePoint" vc="13" uspid="96" ordinal="0" offset="0" sl="12" sc="3" el="12" ec="4" />
            </Method>
            <Method visited="true" cyclomaticComplexity="1" sequenceCoverage="100" branchCoverage="100" isConstructor="false" isStatic="false" isGetter="false" isSetter="false">
              <MetadataToken>100663324</MetadataToken>
              <Name>System.Int32 ElectronicCircuitProblem.src.InputUnit::GetCurrentState()</Name>
              <FileRef uid="4" />
              <SequencePoints>
                <SequencePoint vc="2" uspid="99" ordinal="0" offset="0" sl="17" sc="3" el="17" ec="4" />
                <SequencePoint vc="2" uspid="100" ordinal="1" offset="1" sl="18" sc="4" el="18" ec="13" />
                <SequencePoint vc="2" uspid="101" ordinal="2" offset="5" sl="19" sc="3" el="19" ec="4" />
              </SequencePoints>
              <BranchPoints />
              <MethodPoint xsi:type="SequencePoint" vc="2" uspid="99" ordinal="0" offset="0" sl="17" sc="3" el="17" ec="4" />
            </Method>
            <Method visited="true" cyclomaticComplexity="1" sequenceCoverage="100" branchCoverage="100" isConstructor="true" isStatic="false" isGetter="false" isSetter="false">
              <MetadataToken>100663325</MetadataToken>
              <Name>System.Void ElectronicCircuitProblem.src.InputUnit::.ctor()</Name>
              <FileRef uid="4" />
              <SequencePoints>
                <SequencePoint vc="14" uspid="102" ordinal="0" offset="0" sl="5" sc="3" el="5" ec="32" />
              </SequencePoints>
              <BranchPoints />
              <MethodPoint xsi:type="SequencePoint" vc="14" uspid="102" ordinal="0" offset="0" sl="5" sc="3" el="5" ec="32" />
            </Method>
          </Methods>
        </Class>
        <Class>
          <FullName>ElectronicCircuitProblem.src.OutputUnit</FullName>
          <Methods>
            <Method visited="true" cyclomaticComplexity="1" sequenceCoverage="100" branchCoverage="100" isConstructor="false" isStatic="false" isGetter="false" isSetter="false">
              <MetadataToken>100663326</MetadataToken>
              <Name>System.Boolean ElectronicCircuitProblem.src.OutputUnit::IsValid()</Name>
              <FileRef uid="5" />
              <SequencePoints>
                <SequencePoint vc="6" uspid="103" ordinal="0" offset="0" sl="7" sc="25" el="7" ec="26" />
                <SequencePoint vc="6" uspid="104" ordinal="1" offset="1" sl="8" sc="4" el="8" ec="28" />
                <SequencePoint vc="6" uspid="105" ordinal="2" offset="16" sl="9" sc="3" el="9" ec="4" />
              </SequencePoints>
              <BranchPoints />
              <MethodPoint xsi:type="SequencePoint" vc="6" uspid="103" ordinal="0" offset="0" sl="7" sc="25" el="7" ec="26" />
            </Method>
            <Method visited="true" cyclomaticComplexity="1" sequenceCoverage="100" branchCoverage="100" isConstructor="false" isStatic="false" isGetter="false" isSetter="false">
              <MetadataToken>100663327</MetadataToken>
              <Name>System.Void ElectronicCircuitProblem.src.OutputUnit::AddInput(ElectronicCircuitProblem.src.Bus)</Name>
              <FileRef uid="5" />
              <SequencePoints>
                <SequencePoint vc="9" uspid="106" ordinal="0" offset="0" sl="12" sc="3" el="12" ec="4" />
                <SequencePoint vc="9" uspid="107" ordinal="1" offset="1" sl="13" sc="4" el="13" ec="21" />
                <SequencePoint vc="9" uspid="108" ordinal="2" offset="8" sl="14" sc="3" el="14" ec="4" />
              </SequencePoints>
              <BranchPoints />
              <MethodPoint xsi:type="SequencePoint" vc="9" uspid="106" ordinal="0" offset="0" sl="12" sc="3" el="12" ec="4" />
            </Method>
            <Method visited="true" cyclomaticComplexity="1" sequenceCoverage="100" branchCoverage="100" isConstructor="false" isStatic="false" isGetter="false" isSetter="false">
              <MetadataToken>100663328</MetadataToken>
              <Name>System.Int32 ElectronicCircuitProblem.src.OutputUnit::GetCurrentState()</Name>
              <FileRef uid="5" />
              <SequencePoints>
                <SequencePoint vc="1" uspid="109" ordinal="0" offset="0" sl="17" sc="3" el="17" ec="4" />
                <SequencePoint vc="1" uspid="110" ordinal="1" offset="1" sl="18" sc="4" el="18" ec="38" />
                <SequencePoint vc="1" uspid="111" ordinal="2" offset="15" sl="19" sc="3" el="19" ec="4" />
              </SequencePoints>
              <BranchPoints />
              <MethodPoint xsi:type="SequencePoint" vc="1" uspid="109" ordinal="0" offset="0" sl="17" sc="3" el="17" ec="4" />
            </Method>
            <Method visited="true" cyclomaticComplexity="1" sequenceCoverage="100" branchCoverage="100" isConstructor="true" isStatic="false" isGetter="false" isSetter="false">
              <MetadataToken>100663329</MetadataToken>
              <Name>System.Void ElectronicCircuitProblem.src.OutputUnit::.ctor()</Name>
              <FileRef uid="5" />
              <SequencePoints>
                <SequencePoint vc="10" uspid="112" ordinal="0" offset="0" sl="5" sc="3" el="5" ec="31" />
              </SequencePoints>
              <BranchPoints />
              <MethodPoint xsi:type="SequencePoint" vc="10" uspid="112" ordinal="0" offset="0" sl="5" sc="3" el="5" ec="31" />
            </Method>
          </Methods>
        </Class>
      </Classes>
    </Module>
    <Module skippedDueTo="Filter" hash="F2-AE-6A-FF-6D-90-B0-2D-DC-74-AD-F8-5A-48-B4-35-01-4D-5B-36">
      <FullName>C:\Windows\Microsoft.Net\assembly\GAC_MSIL\System.Core\v4.0_4.0.0.0__b77a5c561934e089\System.Core.dll</FullName>
      <ModuleName>System.Core</ModuleName>
      <Classes />
    </Module>
  </Modules>
</CoverageSession>